
> locofy_story-book@1.0.0 build-storybook
> storybook build --output-dir /var/folders/g7/kx99pqf17tb0my_3dqx0lhhc0000gp/T/chromatic--42797-BqCGvXYzSD44

storybook v8.2.9

info => Cleaning outputDir: ../../../../var/folders/g7/kx99pqf17tb0my_3dqx0lhhc0000gp/T/chromatic--42797-BqCGvXYzSD44
info => Loading presets
info => Building manager..
info => Manager built (150 ms)
info => Building preview..
info Addon-docs: using MDX3
info => Using implicit CSS loaders
info => Using SWC as compiler
info => Using default Webpack5 setup
WARN asset size limit: The following asset(s) exceed the recommended size limit (244 KiB).
WARN This can impact web performance.
WARN Assets: 
WARN   static/media/addon-library.7d60eaf1.png (456 KiB)
WARN   126.f984060b.iframe.bundle.js (1010 KiB)
WARN   83.75174016.iframe.bundle.js (2.07 MiB)
WARN entrypoint size limit: The following entrypoint(s) combined asset size exceeds the recommended limit (244 KiB). This can impact web performance.
WARN Entrypoints:
WARN   main (2.08 MiB)
WARN       runtime~main.15403449.iframe.bundle.js
WARN       83.75174016.iframe.bundle.js
WARN       main.ddb0fa5a.iframe.bundle.js
WARN 
info => Preview built (7.78 s)
info => Output directory: /var/folders/g7/kx99pqf17tb0my_3dqx0lhhc0000gp/T/chromatic--42797-BqCGvXYzSD44
